# JRE version: OpenJDK Runtime Environment Temurin-21.0.10+7 (21.0.10+7) (build 21.0.10+7-LTS)
# Java VM: OpenJDK 64-Bit Server VM Temurin-21.0.10+7 (21.0.10+7-LTS, mixed mode, sharing, tiered, compressed oops, compressed class ptrs, parallel gc, windows-amd64)
GC Precious Log:
 CardTable entry size: 512
 CPUs: 4 total, 4 available
 Memory: 3962M
 Large Page Support: Disabled
 NUMA Support: Disabled
 Compressed Oops: Enabled (32-bit)
 Alignments: Space 512K, Generation 512K, Heap 2M
 Heap Min Capacity: 100M
 Heap Initial Capacity: 100M
 Heap Max Capacity: 2G
 Pre-touch: Disabled
 Parallel Workers: 4
Heap:
 PSYoungGen      total 8704K, used 3923K [0x00000000d5580000, 0x00000000d6480000, 0x0000000100000000)
  eden space 7168K, 33% used [0x00000000d5580000,0x00000000d57d4fb0,0x00000000d5c80000)
  from space 1536K, 100% used [0x00000000d6100000,0x00000000d6280000,0x00000000d6280000)
  to   space 4096K, 0% used [0x00000000d5c80000,0x00000000d5c80000,0x00000000d6080000)
 ParOldGen       total 1242112K, used 1241644K [0x0000000080000000, 0x00000000cbd00000, 0x00000000d5580000)
  object space 1242112K, 99% used [0x0000000080000000,0x00000000cbc8b308,0x00000000cbd00000)
 Metaspace       used 92163K, committed 93888K, reserved 1179648K
  class space    used 9244K, committed 9984K, reserved 1048576K
GC Heap History (20 events):
Event: 12905.351 GC heap before
{Heap before GC invocations=2801 (full 6):
 PSYoungGen      total 6656K, used 6112K [0x00000000d5580000, 0x00000000d6080000, 0x0000000100000000)
  eden space 3072K, 100% used [0x00000000d5580000,0x00000000d5880000,0x00000000d5880000)
  from space 3584K, 84% used [0x00000000d5c00000,0x00000000d5ef8000,0x00000000d5f80000)
  to   space 3584K, 0% used [0x00000000d5880000,0x00000000d5880000,0x00000000d5c00000)
 ParOldGen       total 1182720K, used 1182257K [0x0000000080000000, 0x00000000c8300000, 0x00000000d5580000)
  object space 1182720K, 99% used [0x0000000080000000,0x00000000c828c4b8,0x00000000c8300000)
 Metaspace       used 92157K, committed 93888K, reserved 1179648K
  class space    used 9244K, committed 9984K, reserved 1048576K
}
Event: 12905.360 GC heap after
{Heap after GC invocations=2801 (full 6):
 PSYoungGen      total 6656K, used 3040K [0x00000000d5580000, 0x00000000d5f80000, 0x0000000100000000)
  eden space 3072K, 0% used [0x00000000d5580000,0x00000000d5580000,0x00000000d5880000)
  from space 3584K, 84% used [0x00000000d5880000,0x00000000d5b78000,0x00000000d5c00000)
  to   space 3072K, 0% used [0x00000000d5c80000,0x00000000d5c80000,0x00000000d5f80000)
 ParOldGen       total 1185280K, used 1185265K [0x0000000080000000, 0x00000000c8580000, 0x00000000d5580000)
  object space 1185280K, 99% used [0x0000000080000000,0x00000000c857c4b8,0x00000000c8580000)
 Metaspace       used 92157K, committed 93888K, reserved 1179648K
  class space    used 9244K, committed 9984K, reserved 1048576K
}
Event: 12905.368 GC heap before
{Heap before GC invocations=2802 (full 6):
 PSYoungGen      total 6656K, used 6112K [0x00000000d5580000, 0x00000000d5f80000, 0x0000000100000000)
  eden space 3072K, 100% used [0x00000000d5580000,0x00000000d5880000,0x00000000d5880000)
  from space 3584K, 84% used [0x00000000d5880000,0x00000000d5b78000,0x00000000d5c00000)
  to   space 3072K, 0% used [0x00000000d5c80000,0x00000000d5c80000,0x00000000d5f80000)
 ParOldGen       total 1185280K, used 1185265K [0x0000000080000000, 0x00000000c8580000, 0x00000000d5580000)
  object space 1185280K, 99% used [0x0000000080000000,0x00000000c857c4b8,0x00000000c8580000)
 Metaspace       used 92157K, committed 93888K, reserved 1179648K
  class space    used 9244K, committed 9984K, reserved 1048576K
}
Event: 12905.375 GC heap after
{Heap after GC invocations=2802 (full 6):
 PSYoungGen      total 7168K, used 2749K [0x00000000d5580000, 0x00000000d5f80000, 0x0000000100000000)
  eden space 4096K, 0% used [0x00000000d5580000,0x00000000d5580000,0x00000000d5980000)
  from space 3072K, 89% used [0x00000000d5c80000,0x00000000d5f2f630,0x00000000d5f80000)
  to   space 3072K, 0% used [0x00000000d5980000,0x00000000d5980000,0x00000000d5c80000)
 ParOldGen       total 1188352K, used 1188241K [0x0000000080000000, 0x00000000c8880000, 0x00000000d5580000)
  object space 1188352K, 99% used [0x0000000080000000,0x00000000c88644b8,0x00000000c8880000)
 Metaspace       used 92157K, committed 93888K, reserved 1179648K
  class space    used 9244K, committed 9984K, reserved 1048576K
}
Event: 12905.383 GC heap before
{Heap before GC invocations=2803 (full 6):
 PSYoungGen      total 7168K, used 6845K [0x00000000d5580000, 0x00000000d5f80000, 0x0000000100000000)
  eden space 4096K, 100% used [0x00000000d5580000,0x00000000d5980000,0x00000000d5980000)
  from space 3072K, 89% used [0x00000000d5c80000,0x00000000d5f2f630,0x00000000d5f80000)
  to   space 3072K, 0% used [0x00000000d5980000,0x00000000d5980000,0x00000000d5c80000)
 ParOldGen       total 1188352K, used 1188241K [0x0000000080000000, 0x00000000c8880000, 0x00000000d5580000)
  object space 1188352K, 99% used [0x0000000080000000,0x00000000c88644b8,0x00000000c8880000)
 Metaspace       used 92157K, committed 93888K, reserved 1179648K
  class space    used 9244K, committed 9984K, reserved 1048576K
}
Event: 12905.390 GC heap after
{Heap after GC invocations=2803 (full 6):
 PSYoungGen      total 7168K, used 3050K [0x00000000d5580000, 0x00000000d6980000, 0x0000000100000000)
  eden space 4096K, 0% used [0x00000000d5580000,0x00000000d5580000,0x00000000d5980000)
  from space 3072K, 99% used [0x00000000d5980000,0x00000000d5c7aab0,0x00000000d5c80000)
  to   space 7680K, 0% used [0x00000000d6200000,0x00000000d6200000,0x00000000d6980000)
 ParOldGen       total 1191936K, used 1191860K [0x0000000080000000, 0x00000000c8c00000, 0x00000000d5580000)
  object space 1191936K, 99% used [0x0000000080000000,0x00000000c8bed3f0,0x00000000c8c00000)
 Metaspace       used 92157K, committed 93888K, reserved 1179648K
  class space    used 9244K, committed 9984K, reserved 1048576K
}
Event: 12905.414 GC heap before
{Heap before GC invocations=2804 (full 6):
 PSYoungGen      total 7168K, used 6894K [0x00000000d5580000, 0x00000000d6980000, 0x0000000100000000)
  eden space 4096K, 93% used [0x00000000d5580000,0x00000000d5941078,0x00000000d5980000)
  from space 3072K, 99% used [0x00000000d5980000,0x00000000d5c7aab0,0x00000000d5c80000)
  to   space 7680K, 0% used [0x00000000d6200000,0x00000000d6200000,0x00000000d6980000)
 ParOldGen       total 1191936K, used 1191860K [0x0000000080000000, 0x00000000c8c00000, 0x00000000d5580000)
  object space 1191936K, 99% used [0x0000000080000000,0x00000000c8bed3f0,0x00000000c8c00000)
 Metaspace       used 92157K, committed 93888K, reserved 1179648K
  class space    used 9244K, committed 9984K, reserved 1048576K
}
Event: 12905.422 GC heap after
{Heap after GC invocations=2804 (full 6):
 PSYoungGen      total 7680K, used 2528K [0x00000000d5580000, 0x00000000d6480000, 0x0000000100000000)
  eden space 5120K, 0% used [0x00000000d5580000,0x00000000d5580000,0x00000000d5a80000)
  from space 2560K, 98% used [0x00000000d6200000,0x00000000d6478000,0x00000000d6480000)
  to   space 4096K, 0% used [0x00000000d5c80000,0x00000000d5c80000,0x00000000d6080000)
 ParOldGen       total 1195008K, used 1194919K [0x0000000080000000, 0x00000000c8f00000, 0x00000000d5580000)
  object space 1195008K, 99% used [0x0000000080000000,0x00000000c8ee9d68,0x00000000c8f00000)
 Metaspace       used 92157K, committed 93888K, reserved 1179648K
  class space    used 9244K, committed 9984K, reserved 1048576K
}
Event: 12905.490 GC heap before
{Heap before GC invocations=2805 (full 6):
 PSYoungGen      total 7680K, used 7648K [0x00000000d5580000, 0x00000000d6480000, 0x0000000100000000)
  eden space 5120K, 100% used [0x00000000d5580000,0x00000000d5a80000,0x00000000d5a80000)
  from space 2560K, 98% used [0x00000000d6200000,0x00000000d6478000,0x00000000d6480000)
  to   space 4096K, 0% used [0x00000000d5c80000,0x00000000d5c80000,0x00000000d6080000)
 ParOldGen       total 1226752K, used 1225639K [0x0000000080000000, 0x00000000cae00000, 0x00000000d5580000)
  object space 1226752K, 99% used [0x0000000080000000,0x00000000cace9d98,0x00000000cae00000)
 Metaspace       used 92158K, committed 93888K, reserved 1179648K
  class space    used 9244K, committed 9984K, reserved 1048576K
}
Event: 12905.501 GC heap after
{Heap after GC invocations=2805 (full 6):
 PSYoungGen      total 10240K, used 4068K [0x00000000d5580000, 0x00000000d6880000, 0x0000000100000000)
  eden space 6144K, 0% used [0x00000000d5580000,0x00000000d5580000,0x00000000d5b80000)
  from space 4096K, 99% used [0x00000000d5c80000,0x00000000d60792c0,0x00000000d6080000)
  to   space 6656K, 0% used [0x00000000d6200000,0x00000000d6200000,0x00000000d6880000)
 ParOldGen       total 1227776K, used 1227471K [0x0000000080000000, 0x00000000caf00000, 0x00000000d5580000)
  object space 1227776K, 99% used [0x0000000080000000,0x00000000caeb3d98,0x00000000caf00000)
 Metaspace       used 92158K, committed 93888K, reserved 1179648K
  class space    used 9244K, committed 9984K, reserved 1048576K
}
Event: 12905.518 GC heap before
{Heap before GC invocations=2806 (full 6):
 PSYoungGen      total 10240K, used 10212K [0x00000000d5580000, 0x00000000d6880000, 0x0000000100000000)
  eden space 6144K, 100% used [0x00000000d5580000,0x00000000d5b80000,0x00000000d5b80000)
  from space 4096K, 99% used [0x00000000d5c80000,0x00000000d60792c0,0x00000000d6080000)
  to   space 6656K, 0% used [0x00000000d6200000,0x00000000d6200000,0x00000000d6880000)
 ParOldGen       total 1227776K, used 1227471K [0x0000000080000000, 0x00000000caf00000, 0x00000000d5580000)
  object space 1227776K, 99% used [0x0000000080000000,0x00000000caeb3d98,0x00000000caf00000)
 Metaspace       used 92158K, committed 93888K, reserved 1179648K
  class space    used 9244K, committed 9984K, reserved 1048576K
}
Event: 12905.529 GC heap after
{Heap after GC invocations=2806 (full 6):
 PSYoungGen      total 13312K, used 5376K [0x00000000d5580000, 0x00000000d6800000, 0x0000000100000000)
  eden space 7168K, 0% used [0x00000000d5580000,0x00000000d5580000,0x00000000d5c80000)
  from space 6144K, 87% used [0x00000000d6200000,0x00000000d6740000,0x00000000d6800000)
  to   space 5632K, 0% used [0x00000000d5c80000,0x00000000d5c80000,0x00000000d6200000)
 ParOldGen       total 1231872K, used 1231484K [0x0000000080000000, 0x00000000cb300000, 0x00000000d5580000)
  object space 1231872K, 99% used [0x0000000080000000,0x00000000cb29f058,0x00000000cb300000)
 Metaspace       used 92158K, committed 93888K, reserved 1179648K
  class space    used 9244K, committed 9984K, reserved 1048576K
}
Event: 12906.311 GC heap before
{Heap before GC invocations=2807 (full 6):
 PSYoungGen      total 13312K, used 12544K [0x00000000d5580000, 0x00000000d6800000, 0x0000000100000000)
  eden space 7168K, 100% used [0x00000000d5580000,0x00000000d5c80000,0x00000000d5c80000)
  from space 6144K, 87% used [0x00000000d6200000,0x00000000d6740000,0x00000000d6800000)
  to   space 5632K, 0% used [0x00000000d5c80000,0x00000000d5c80000,0x00000000d6200000)
 ParOldGen       total 1231872K, used 1231484K [0x0000000080000000, 0x00000000cb300000, 0x00000000d5580000)
  object space 1231872K, 99% used [0x0000000080000000,0x00000000cb29f058,0x00000000cb300000)
 Metaspace       used 92158K, committed 93888K, reserved 1179648K
  class space    used 9244K, committed 9984K, reserved 1048576K
}
Event: 12906.335 GC heap after
{Heap after GC invocations=2807 (full 6):
 PSYoungGen      total 12800K, used 3264K [0x00000000d5580000, 0x00000000d6600000, 0x0000000100000000)
  eden space 7168K, 0% used [0x00000000d5580000,0x00000000d5580000,0x00000000d5c80000)
  from space 5632K, 57% used [0x00000000d5c80000,0x00000000d5fb0290,0x00000000d6200000)
  to   space 4096K, 0% used [0x00000000d6200000,0x00000000d6200000,0x00000000d6600000)
 ParOldGen       total 1236992K, used 1236868K [0x0000000080000000, 0x00000000cb800000, 0x00000000d5580000)
  object space 1236992K, 99% used [0x0000000080000000,0x00000000cb7e1058,0x00000000cb800000)
 Metaspace       used 92158K, committed 93888K, reserved 1179648K
  class space    used 9244K, committed 9984K, reserved 1048576K
}
Event: 13014.421 GC heap before
{Heap before GC invocations=2808 (full 6):
 PSYoungGen      total 12800K, used 10432K [0x00000000d5580000, 0x00000000d6600000, 0x0000000100000000)
  eden space 7168K, 100% used [0x00000000d5580000,0x00000000d5c80000,0x00000000d5c80000)
  from space 5632K, 57% used [0x00000000d5c80000,0x00000000d5fb0290,0x00000000d6200000)
  to   space 4096K, 0% used [0x00000000d6200000,0x00000000d6200000,0x00000000d6600000)
 ParOldGen       total 1236992K, used 1236868K [0x0000000080000000, 0x00000000cb800000, 0x00000000d5580000)
  object space 1236992K, 99% used [0x0000000080000000,0x00000000cb7e1058,0x00000000cb800000)
 Metaspace       used 92159K, committed 93888K, reserved 1179648K
  class space    used 9244K, committed 9984K, reserved 1048576K
}
Event: 13014.433 GC heap after
{Heap after GC invocations=2808 (full 6):
 PSYoungGen      total 7680K, used 96K [0x00000000d5580000, 0x00000000d6280000, 0x0000000100000000)
  eden space 7168K, 0% used [0x00000000d5580000,0x00000000d5580000,0x00000000d5c80000)
  from space 512K, 18% used [0x00000000d6200000,0x00000000d6218000,0x00000000d6280000)
  to   space 1536K, 0% used [0x00000000d5f80000,0x00000000d5f80000,0x00000000d6100000)
 ParOldGen       total 1239040K, used 1238924K [0x0000000080000000, 0x00000000cba00000, 0x00000000d5580000)
  object space 1239040K, 99% used [0x0000000080000000,0x00000000cb9e3058,0x00000000cba00000)
 Metaspace       used 92159K, committed 93888K, reserved 1179648K
  class space    used 9244K, committed 9984K, reserved 1048576K
}
Event: 13458.475 GC heap before
{Heap before GC invocations=2809 (full 6):
 PSYoungGen      total 7680K, used 7264K [0x00000000d5580000, 0x00000000d6280000, 0x0000000100000000)
  eden space 7168K, 100% used [0x00000000d5580000,0x00000000d5c80000,0x00000000d5c80000)
  from space 512K, 18% used [0x00000000d6200000,0x00000000d6218000,0x00000000d6280000)
  to   space 1536K, 0% used [0x00000000d5f80000,0x00000000d5f80000,0x00000000d6100000)
 ParOldGen       total 1239040K, used 1238924K [0x0000000080000000, 0x00000000cba00000, 0x00000000d5580000)
  object space 1239040K, 99% used [0x0000000080000000,0x00000000cb9e3058,0x00000000cba00000)
 Metaspace       used 92163K, committed 93888K, reserved 1179648K
  class space    used 9244K, committed 9984K, reserved 1048576K
}
Event: 13459.268 GC heap after
{Heap after GC invocations=2809 (full 6):
 PSYoungGen      total 8704K, used 1510K [0x00000000d5580000, 0x00000000d6280000, 0x0000000100000000)
  eden space 7168K, 0% used [0x00000000d5580000,0x00000000d5580000,0x00000000d5c80000)
  from space 1536K, 98% used [0x00000000d5f80000,0x00000000d60f9848,0x00000000d6100000)
  to   space 1536K, 0% used [0x00000000d6100000,0x00000000d6100000,0x00000000d6280000)
 ParOldGen       total 1240064K, used 1239684K [0x0000000080000000, 0x00000000cbb00000, 0x00000000d5580000)
  object space 1240064K, 99% used [0x0000000080000000,0x00000000cbaa11c0,0x00000000cbb00000)
 Metaspace       used 92163K, committed 93888K, reserved 1179648K
  class space    used 9244K, committed 9984K, reserved 1048576K
}
Event: 13481.700 GC heap before
{Heap before GC invocations=2810 (full 6):
 PSYoungGen      total 8704K, used 8678K [0x00000000d5580000, 0x00000000d6280000, 0x0000000100000000)
  eden space 7168K, 100% used [0x00000000d5580000,0x00000000d5c80000,0x00000000d5c80000)
  from space 1536K, 98% used [0x00000000d5f80000,0x00000000d60f9848,0x00000000d6100000)
  to   space 1536K, 0% used [0x00000000d6100000,0x00000000d6100000,0x00000000d6280000)
 ParOldGen       total 1240064K, used 1239684K [0x0000000080000000, 0x00000000cbb00000, 0x00000000d5580000)
  object space 1240064K, 99% used [0x0000000080000000,0x00000000cbaa11c0,0x00000000cbb00000)
 Metaspace       used 92163K, committed 93888K, reserved 1179648K
  class space    used 9244K, committed 9984K, reserved 1048576K
}
Event: 13481.724 GC heap after
{Heap after GC invocations=2810 (full 6):
 PSYoungGen      total 8704K, used 1536K [0x00000000d5580000, 0x00000000d6480000, 0x0000000100000000)
  eden space 7168K, 0% used [0x00000000d5580000,0x00000000d5580000,0x00000000d5c80000)
  from space 1536K, 100% used [0x00000000d6100000,0x00000000d6280000,0x00000000d6280000)
  to   space 4096K, 0% used [0x00000000d5c80000,0x00000000d5c80000,0x00000000d6080000)
 ParOldGen       total 1242112K, used 1241644K [0x0000000080000000, 0x00000000cbd00000, 0x00000000d5580000)
  object space 1242112K, 99% used [0x0000000080000000,0x00000000cbc8b308,0x00000000cbd00000)
 Metaspace       used 92163K, committed 93888K, reserved 1179648K
  class space    used 9244K, committed 9984K, reserved 1048576K
}

