# JRE version: OpenJDK Runtime Environment Temurin-21.0.10+7 (21.0.10+7) (build 21.0.10+7-LTS)
# Java VM: OpenJDK 64-Bit Server VM Temurin-21.0.10+7 (21.0.10+7-LTS, mixed mode, sharing, tiered, compressed oops, compressed class ptrs, parallel gc, windows-amd64)
GC Precious Log:
 CardTable entry size: 512
 CPUs: 4 total, 4 available
 Memory: 3962M
 Large Page Support: Disabled
 NUMA Support: Disabled
 Compressed Oops: Enabled (32-bit)
 Alignments: Space 512K, Generation 512K, Heap 2M
 Heap Min Capacity: 100M
 Heap Initial Capacity: 100M
 Heap Max Capacity: 2G
 Pre-touch: Disabled
 Parallel Workers: 4
Heap:
 PSYoungGen      total 9728K, used 7426K [0x00000000d5580000, 0x00000000d6080000, 0x0000000100000000)
  eden space 8704K, 77% used [0x00000000d5580000,0x00000000d5c19fa8,0x00000000d5e00000)
  from space 1024K, 65% used [0x00000000d5f80000,0x00000000d6026900,0x00000000d6080000)
  to   space 1024K, 0% used [0x00000000d5e00000,0x00000000d5e00000,0x00000000d5f00000)
 ParOldGen       total 91648K, used 91402K [0x0000000080000000, 0x0000000085980000, 0x00000000d5580000)
  object space 91648K, 99% used [0x0000000080000000,0x0000000085942938,0x0000000085980000)
 Metaspace       used 69677K, committed 71232K, reserved 1114112K
  class space    used 7241K, committed 7936K, reserved 1048576K
GC Heap History (20 events):
Event: 51.447 GC heap before
{Heap before GC invocations=168 (full 3):
 PSYoungGen      total 11776K, used 11445K [0x00000000d5580000, 0x00000000d6300000, 0x0000000100000000)
  eden space 9728K, 100% used [0x00000000d5580000,0x00000000d5f00000,0x00000000d5f00000)
  from space 2048K, 83% used [0x00000000d6100000,0x00000000d62ad6b8,0x00000000d6300000)
  to   space 2048K, 0% used [0x00000000d5f00000,0x00000000d5f00000,0x00000000d6100000)
 ParOldGen       total 87040K, used 87006K [0x0000000080000000, 0x0000000085500000, 0x00000000d5580000)
  object space 87040K, 99% used [0x0000000080000000,0x00000000854f78f8,0x0000000085500000)
 Metaspace       used 67371K, committed 68928K, reserved 1114112K
  class space    used 7056K, committed 7744K, reserved 1048576K
}
Event: 51.451 GC heap after
{Heap after GC invocations=168 (full 3):
 PSYoungGen      total 10752K, used 780K [0x00000000d5580000, 0x00000000d6200000, 0x0000000100000000)
  eden space 9728K, 0% used [0x00000000d5580000,0x00000000d5580000,0x00000000d5f00000)
  from space 1024K, 76% used [0x00000000d5f00000,0x00000000d5fc3080,0x00000000d6000000)
  to   space 1536K, 0% used [0x00000000d6080000,0x00000000d6080000,0x00000000d6200000)
 ParOldGen       total 88576K, used 88158K [0x0000000080000000, 0x0000000085680000, 0x00000000d5580000)
  object space 88576K, 99% used [0x0000000080000000,0x0000000085617808,0x0000000085680000)
 Metaspace       used 67371K, committed 68928K, reserved 1114112K
  class space    used 7056K, committed 7744K, reserved 1048576K
}
Event: 51.775 GC heap before
{Heap before GC invocations=169 (full 3):
 PSYoungGen      total 10752K, used 10486K [0x00000000d5580000, 0x00000000d6200000, 0x0000000100000000)
  eden space 9728K, 99% used [0x00000000d5580000,0x00000000d5efa908,0x00000000d5f00000)
  from space 1024K, 76% used [0x00000000d5f00000,0x00000000d5fc3080,0x00000000d6000000)
  to   space 1536K, 0% used [0x00000000d6080000,0x00000000d6080000,0x00000000d6200000)
 ParOldGen       total 88576K, used 88158K [0x0000000080000000, 0x0000000085680000, 0x00000000d5580000)
  object space 88576K, 99% used [0x0000000080000000,0x0000000085617808,0x0000000085680000)
 Metaspace       used 67449K, committed 68992K, reserved 1114112K
  class space    used 7059K, committed 7744K, reserved 1048576K
}
Event: 51.804 GC heap after
{Heap after GC invocations=169 (full 3):
 PSYoungGen      total 10240K, used 1529K [0x00000000d5580000, 0x00000000d6400000, 0x0000000100000000)
  eden space 8704K, 0% used [0x00000000d5580000,0x00000000d5580000,0x00000000d5e00000)
  from space 1536K, 99% used [0x00000000d6080000,0x00000000d61fe410,0x00000000d6200000)
  to   space 2560K, 0% used [0x00000000d5e00000,0x00000000d5e00000,0x00000000d6080000)
 ParOldGen       total 89088K, used 88651K [0x0000000080000000, 0x0000000085700000, 0x00000000d5580000)
  object space 89088K, 99% used [0x0000000080000000,0x0000000085692c40,0x0000000085700000)
 Metaspace       used 67449K, committed 68992K, reserved 1114112K
  class space    used 7059K, committed 7744K, reserved 1048576K
}
Event: 52.342 GC heap before
{Heap before GC invocations=170 (full 3):
 PSYoungGen      total 10240K, used 10233K [0x00000000d5580000, 0x00000000d6400000, 0x0000000100000000)
  eden space 8704K, 100% used [0x00000000d5580000,0x00000000d5e00000,0x00000000d5e00000)
  from space 1536K, 99% used [0x00000000d6080000,0x00000000d61fe410,0x00000000d6200000)
  to   space 2560K, 0% used [0x00000000d5e00000,0x00000000d5e00000,0x00000000d6080000)
 ParOldGen       total 89088K, used 88651K [0x0000000080000000, 0x0000000085700000, 0x00000000d5580000)
  object space 89088K, 99% used [0x0000000080000000,0x0000000085692c40,0x0000000085700000)
 Metaspace       used 67821K, committed 69312K, reserved 1114112K
  class space    used 7085K, committed 7744K, reserved 1048576K
}
Event: 52.349 GC heap after
{Heap after GC invocations=170 (full 3):
 PSYoungGen      total 9728K, used 963K [0x00000000d5580000, 0x00000000d6100000, 0x0000000100000000)
  eden space 8704K, 0% used [0x00000000d5580000,0x00000000d5580000,0x00000000d5e00000)
  from space 1024K, 94% used [0x00000000d5e00000,0x00000000d5ef0e08,0x00000000d5f00000)
  to   space 1536K, 0% used [0x00000000d5f80000,0x00000000d5f80000,0x00000000d6100000)
 ParOldGen       total 89600K, used 89206K [0x0000000080000000, 0x0000000085780000, 0x00000000d5580000)
  object space 89600K, 99% used [0x0000000080000000,0x000000008571da88,0x0000000085780000)
 Metaspace       used 67821K, committed 69312K, reserved 1114112K
  class space    used 7085K, committed 7744K, reserved 1048576K
}
Event: 52.948 GC heap before
{Heap before GC invocations=171 (full 3):
 PSYoungGen      total 9728K, used 9667K [0x00000000d5580000, 0x00000000d6100000, 0x0000000100000000)
  eden space 8704K, 100% used [0x00000000d5580000,0x00000000d5e00000,0x00000000d5e00000)
  from space 1024K, 94% used [0x00000000d5e00000,0x00000000d5ef0e08,0x00000000d5f00000)
  to   space 1536K, 0% used [0x00000000d5f80000,0x00000000d5f80000,0x00000000d6100000)
 ParOldGen       total 89600K, used 89206K [0x0000000080000000, 0x0000000085780000, 0x00000000d5580000)
  object space 89600K, 99% used [0x0000000080000000,0x000000008571da88,0x0000000085780000)
 Metaspace       used 68381K, committed 69888K, reserved 1114112K
  class space    used 7135K, committed 7808K, reserved 1048576K
}
Event: 52.951 GC heap after
{Heap after GC invocations=171 (full 3):
 PSYoungGen      total 9728K, used 692K [0x00000000d5580000, 0x00000000d6080000, 0x0000000100000000)
  eden space 8704K, 0% used [0x00000000d5580000,0x00000000d5580000,0x00000000d5e00000)
  from space 1024K, 67% used [0x00000000d5f80000,0x00000000d602d200,0x00000000d6080000)
  to   space 1024K, 0% used [0x00000000d5e00000,0x00000000d5e00000,0x00000000d5f00000)
 ParOldGen       total 89600K, used 89470K [0x0000000080000000, 0x0000000085780000, 0x00000000d5580000)
  object space 89600K, 99% used [0x0000000080000000,0x000000008575fa88,0x0000000085780000)
 Metaspace       used 68381K, committed 69888K, reserved 1114112K
  class space    used 7135K, committed 7808K, reserved 1048576K
}
Event: 53.082 GC heap before
{Heap before GC invocations=172 (full 3):
 PSYoungGen      total 9728K, used 9396K [0x00000000d5580000, 0x00000000d6080000, 0x0000000100000000)
  eden space 8704K, 100% used [0x00000000d5580000,0x00000000d5e00000,0x00000000d5e00000)
  from space 1024K, 67% used [0x00000000d5f80000,0x00000000d602d200,0x00000000d6080000)
  to   space 1024K, 0% used [0x00000000d5e00000,0x00000000d5e00000,0x00000000d5f00000)
 ParOldGen       total 89600K, used 89470K [0x0000000080000000, 0x0000000085780000, 0x00000000d5580000)
  object space 89600K, 99% used [0x0000000080000000,0x000000008575fa88,0x0000000085780000)
 Metaspace       used 68540K, committed 70080K, reserved 1114112K
  class space    used 7153K, committed 7808K, reserved 1048576K
}
Event: 53.084 GC heap after
{Heap after GC invocations=172 (full 3):
 PSYoungGen      total 9728K, used 356K [0x00000000d5580000, 0x00000000d6000000, 0x0000000100000000)
  eden space 8704K, 0% used [0x00000000d5580000,0x00000000d5580000,0x00000000d5e00000)
  from space 1024K, 34% used [0x00000000d5e00000,0x00000000d5e59110,0x00000000d5f00000)
  to   space 512K, 0% used [0x00000000d5f80000,0x00000000d5f80000,0x00000000d6000000)
 ParOldGen       total 90112K, used 89638K [0x0000000080000000, 0x0000000085800000, 0x00000000d5580000)
  object space 90112K, 99% used [0x0000000080000000,0x0000000085789a98,0x0000000085800000)
 Metaspace       used 68540K, committed 70080K, reserved 1114112K
  class space    used 7153K, committed 7808K, reserved 1048576K
}
Event: 53.399 GC heap before
{Heap before GC invocations=173 (full 3):
 PSYoungGen      total 9728K, used 9060K [0x00000000d5580000, 0x00000000d6000000, 0x0000000100000000)
  eden space 8704K, 100% used [0x00000000d5580000,0x00000000d5e00000,0x00000000d5e00000)
  from space 1024K, 34% used [0x00000000d5e00000,0x00000000d5e59110,0x00000000d5f00000)
  to   space 512K, 0% used [0x00000000d5f80000,0x00000000d5f80000,0x00000000d6000000)
 ParOldGen       total 90112K, used 89638K [0x0000000080000000, 0x0000000085800000, 0x00000000d5580000)
  object space 90112K, 99% used [0x0000000080000000,0x0000000085789a98,0x0000000085800000)
 Metaspace       used 68752K, committed 70336K, reserved 1114112K
  class space    used 7181K, committed 7872K, reserved 1048576K
}
Event: 53.405 GC heap after
{Heap after GC invocations=173 (full 3):
 PSYoungGen      total 9216K, used 500K [0x00000000d5580000, 0x00000000d6000000, 0x0000000100000000)
  eden space 8704K, 0% used [0x00000000d5580000,0x00000000d5580000,0x00000000d5e00000)
  from space 512K, 97% used [0x00000000d5f80000,0x00000000d5ffd200,0x00000000d6000000)
  to   space 1024K, 0% used [0x00000000d5e00000,0x00000000d5e00000,0x00000000d5f00000)
 ParOldGen       total 90112K, used 90047K [0x0000000080000000, 0x0000000085800000, 0x00000000d5580000)
  object space 90112K, 99% used [0x0000000080000000,0x00000000857efe40,0x0000000085800000)
 Metaspace       used 68752K, committed 70336K, reserved 1114112K
  class space    used 7181K, committed 7872K, reserved 1048576K
}
Event: 53.601 GC heap before
{Heap before GC invocations=174 (full 3):
 PSYoungGen      total 9216K, used 9204K [0x00000000d5580000, 0x00000000d6000000, 0x0000000100000000)
  eden space 8704K, 100% used [0x00000000d5580000,0x00000000d5e00000,0x00000000d5e00000)
  from space 512K, 97% used [0x00000000d5f80000,0x00000000d5ffd200,0x00000000d6000000)
  to   space 1024K, 0% used [0x00000000d5e00000,0x00000000d5e00000,0x00000000d5f00000)
 ParOldGen       total 90112K, used 90047K [0x0000000080000000, 0x0000000085800000, 0x00000000d5580000)
  object space 90112K, 99% used [0x0000000080000000,0x00000000857efe40,0x0000000085800000)
 Metaspace       used 68970K, committed 70528K, reserved 1114112K
  class space    used 7190K, committed 7872K, reserved 1048576K
}
Event: 53.616 GC heap after
{Heap after GC invocations=174 (full 3):
 PSYoungGen      total 9728K, used 516K [0x00000000d5580000, 0x00000000d6000000, 0x0000000100000000)
  eden space 8704K, 0% used [0x00000000d5580000,0x00000000d5580000,0x00000000d5e00000)
  from space 1024K, 50% used [0x00000000d5e00000,0x00000000d5e81210,0x00000000d5f00000)
  to   space 1024K, 0% used [0x00000000d5f00000,0x00000000d5f00000,0x00000000d6000000)
 ParOldGen       total 90624K, used 90524K [0x0000000080000000, 0x0000000085880000, 0x00000000d5580000)
  object space 90624K, 99% used [0x0000000080000000,0x0000000085867040,0x0000000085880000)
 Metaspace       used 68970K, committed 70528K, reserved 1114112K
  class space    used 7190K, committed 7872K, reserved 1048576K
}
Event: 54.346 GC heap before
{Heap before GC invocations=175 (full 3):
 PSYoungGen      total 9728K, used 9220K [0x00000000d5580000, 0x00000000d6000000, 0x0000000100000000)
  eden space 8704K, 100% used [0x00000000d5580000,0x00000000d5e00000,0x00000000d5e00000)
  from space 1024K, 50% used [0x00000000d5e00000,0x00000000d5e81210,0x00000000d5f00000)
  to   space 1024K, 0% used [0x00000000d5f00000,0x00000000d5f00000,0x00000000d6000000)
 ParOldGen       total 90624K, used 90524K [0x0000000080000000, 0x0000000085880000, 0x00000000d5580000)
  object space 90624K, 99% used [0x0000000080000000,0x0000000085867040,0x0000000085880000)
 Metaspace       used 69170K, committed 70656K, reserved 1114112K
  class space    used 7204K, committed 7872K, reserved 1048576K
}
Event: 54.347 GC heap after
{Heap after GC invocations=175 (full 3):
 PSYoungGen      total 9728K, used 612K [0x00000000d5580000, 0x00000000d6000000, 0x0000000100000000)
  eden space 8704K, 0% used [0x00000000d5580000,0x00000000d5580000,0x00000000d5e00000)
  from space 1024K, 59% used [0x00000000d5f00000,0x00000000d5f99210,0x00000000d6000000)
  to   space 1024K, 0% used [0x00000000d5e00000,0x00000000d5e00000,0x00000000d5f00000)
 ParOldGen       total 91136K, used 90668K [0x0000000080000000, 0x0000000085900000, 0x00000000d5580000)
  object space 91136K, 99% used [0x0000000080000000,0x000000008588b040,0x0000000085900000)
 Metaspace       used 69170K, committed 70656K, reserved 1114112K
  class space    used 7204K, committed 7872K, reserved 1048576K
}
Event: 54.769 GC heap before
{Heap before GC invocations=176 (full 3):
 PSYoungGen      total 9728K, used 9316K [0x00000000d5580000, 0x00000000d6000000, 0x0000000100000000)
  eden space 8704K, 100% used [0x00000000d5580000,0x00000000d5e00000,0x00000000d5e00000)
  from space 1024K, 59% used [0x00000000d5f00000,0x00000000d5f99210,0x00000000d6000000)
  to   space 1024K, 0% used [0x00000000d5e00000,0x00000000d5e00000,0x00000000d5f00000)
 ParOldGen       total 91136K, used 90668K [0x0000000080000000, 0x0000000085900000, 0x00000000d5580000)
  object space 91136K, 99% used [0x0000000080000000,0x000000008588b040,0x0000000085900000)
 Metaspace       used 69211K, committed 70784K, reserved 1114112K
  class space    used 7204K, committed 7872K, reserved 1048576K
}
Event: 54.777 GC heap after
{Heap after GC invocations=176 (full 3):
 PSYoungGen      total 9728K, used 992K [0x00000000d5580000, 0x00000000d6100000, 0x0000000100000000)
  eden space 8704K, 0% used [0x00000000d5580000,0x00000000d5580000,0x00000000d5e00000)
  from space 1024K, 96% used [0x00000000d5e00000,0x00000000d5ef8390,0x00000000d5f00000)
  to   space 1536K, 0% used [0x00000000d5f80000,0x00000000d5f80000,0x00000000d6100000)
 ParOldGen       total 91136K, used 91008K [0x0000000080000000, 0x0000000085900000, 0x00000000d5580000)
  object space 91136K, 99% used [0x0000000080000000,0x00000000858e0370,0x0000000085900000)
 Metaspace       used 69211K, committed 70784K, reserved 1114112K
  class space    used 7204K, committed 7872K, reserved 1048576K
}
Event: 56.521 GC heap before
{Heap before GC invocations=177 (full 3):
 PSYoungGen      total 9728K, used 9696K [0x00000000d5580000, 0x00000000d6100000, 0x0000000100000000)
  eden space 8704K, 100% used [0x00000000d5580000,0x00000000d5e00000,0x00000000d5e00000)
  from space 1024K, 96% used [0x00000000d5e00000,0x00000000d5ef8390,0x00000000d5f00000)
  to   space 1536K, 0% used [0x00000000d5f80000,0x00000000d5f80000,0x00000000d6100000)
 ParOldGen       total 91136K, used 91008K [0x0000000080000000, 0x0000000085900000, 0x00000000d5580000)
  object space 91136K, 99% used [0x0000000080000000,0x00000000858e0370,0x0000000085900000)
 Metaspace       used 69298K, committed 70848K, reserved 1114112K
  class space    used 7205K, committed 7872K, reserved 1048576K
}
Event: 56.542 GC heap after
{Heap after GC invocations=177 (full 3):
 PSYoungGen      total 9728K, used 666K [0x00000000d5580000, 0x00000000d6080000, 0x0000000100000000)
  eden space 8704K, 0% used [0x00000000d5580000,0x00000000d5580000,0x00000000d5e00000)
  from space 1024K, 65% used [0x00000000d5f80000,0x00000000d6026900,0x00000000d6080000)
  to   space 1024K, 0% used [0x00000000d5e00000,0x00000000d5e00000,0x00000000d5f00000)
 ParOldGen       total 91648K, used 91402K [0x0000000080000000, 0x0000000085980000, 0x00000000d5580000)
  object space 91648K, 99% used [0x0000000080000000,0x0000000085942938,0x0000000085980000)
 Metaspace       used 69298K, committed 70848K, reserved 1114112K
  class space    used 7205K, committed 7872K, reserved 1048576K
}

